


ARM Macro Assembler    Page 1 


    1 00000000         ;/*-----------------------------------------------------
                       ----------------------------------------------------*/
    2 00000000         ;/* Holtek Semiconductor Inc.                           
                                                                           */
    3 00000000         ;/*                                                     
                                                                           */
    4 00000000         ;/* Copyright (C) Holtek Semiconductor Inc.             
                                                                           */
    5 00000000         ;/* All rights reserved.                                
                                                                           */
    6 00000000         ;/*                                                     
                                                                           */
    7 00000000         ;/*-----------------------------------------------------
                       ------------------------------------------------------
    8 00000000         ;  File Name        : startup_ht32f520xx_01.s
    9 00000000         ;  Version          : $Rev:: 818          $
   10 00000000         ;  Date             : $Date:: 2016-06-19 #$
   11 00000000         ;  Description      : Startup code.
   12 00000000         ;-------------------------------------------------------
                       ----------------------------------------------------*/
   13 00000000         
   14 00000000         ;  Supported Device
   15 00000000         ;  ========================================
   16 00000000         ;   HT32F52220, HT32F52230
   17 00000000         ;   HT32F52231, HT32F52241
   18 00000000         ;   HT32F52331, HT32F52341
   19 00000000         ;   HT32F52342. HT32F52352
   20 00000000         
   21 00000000         ;/* <<< Use Configuration Wizard in Context Menu >>>    
                                                                           */
   22 00000000         
   23 00000000         ;// <o>  HT32 Device
   24 00000000         ;//      <0=> By Project Asm Define
   25 00000000         ;//      <1=> HT32F52220/30
   26 00000000         ;//      <2=> HT32F52231/41
   27 00000000         ;//      <3=> HT32F52331/41
   28 00000000         ;//      <4=> HT32F52342/52
   29 00000000 00000000 
                       USE_HT32_CHIP_SET
                               EQU              0
   30 00000000         
   31 00000000 FFFFFFFF 
                       _HT32FWID
                               EQU              0xFFFFFFFF
   32 00000000         ;_HT32FWID           EQU     0x00052220
   33 00000000         ;_HT32FWID           EQU     0x00052230
   34 00000000         ;_HT32FWID           EQU     0x00052231
   35 00000000         ;_HT32FWID           EQU     0x00052241
   36 00000000         ;_HT32FWID           EQU     0x00052331
   37 00000000         ;_HT32FWID           EQU     0x00052341
   38 00000000         ;_HT32FWID           EQU     0x00052342
   39 00000000         ;_HT32FWID           EQU     0x00052352
   40 00000000         
   41 00000000 00000001 
                       HT32F52220_30
                               EQU              1
   42 00000000 00000002 
                       HT32F52231_41
                               EQU              2



ARM Macro Assembler    Page 2 


   43 00000000 00000003 
                       HT32F52331_41
                               EQU              3
   44 00000000 00000004 
                       HT32F52342_52
                               EQU              4
   45 00000000         
   46 00000000                 IF               USE_HT32_CHIP_SET=0
   47 00000000                 ELSE
   49                          ENDIF
   50 00000000         
   51 00000000         ; Amount of memory (in bytes) allocated for Stack and He
                       ap
   52 00000000         ; Tailor those values to your application needs
   53 00000000         ;//   <o> Stack Size (in Bytes, must 8 byte aligned) <0-
                       16384:8>
   54 00000000 00000200 
                       Stack_Size
                               EQU              512
   55 00000000         
   56 00000000                 AREA             STACK, NOINIT, READWRITE, ALIGN
 = 3
   57 00000000         Stack_Mem
                               SPACE            Stack_Size
   58 00000200         __initial_sp
   59 00000200         
   60 00000200         ;//   <o>  Heap Size (in Bytes) <0-16384:8>
   61 00000200 00000000 
                       Heap_Size
                               EQU              0
   62 00000200         
   63 00000200                 AREA             HEAP, NOINIT, READWRITE, ALIGN 
= 3
   64 00000000         __heap_base
   65 00000000         Heap_Mem
                               SPACE            Heap_Size
   66 00000000         __heap_limit
   67 00000000         
   68 00000000                 PRESERVE8
   69 00000000                 THUMB
   70 00000000         
   71 00000000         ;*******************************************************
                       ************************
   72 00000000         ; Fill-up the Vector Table entries with the exceptions I
                       SR address
   73 00000000         ;*******************************************************
                       ************************
   74 00000000                 AREA             RESET, CODE, READONLY
   75 00000000                 EXPORT           __Vectors
   76 00000000 FFFFFFFF 
                       _RESERVED
                               EQU              0xFFFFFFFF
   77 00000000         __Vectors
   78 00000000 00000000        DCD              __initial_sp ; ---, 00, 0x000, 
                                                            Top address of Stac
                                                            k
   79 00000004 00000000        DCD              Reset_Handler ; ---, 01, 0x004,
                                                             Reset Handler
   80 00000008 00000000        DCD              NMI_Handler ; -14, 02, 0x008, N



ARM Macro Assembler    Page 3 


                                                            MI Handler
   81 0000000C 00000000        DCD              HardFault_Handler ; -13, 03, 0x
                                                            00C, Hard Fault Han
                                                            dler
   82 00000010 FFFFFFFF        DCD              _RESERVED   ; ---, 04, 0x010, R
                                                            eserved
   83 00000014 FFFFFFFF        DCD              _RESERVED   ; ---, 05, 0x014, R
                                                            eserved
   84 00000018 FFFFFFFF        DCD              _RESERVED   ; ---, 06, 0x018, R
                                                            eserved
   85 0000001C FFFFFFFF        DCD              _RESERVED   ; ---, 07, 0x01C, R
                                                            eserved
   86 00000020 FFFFFFFF        DCD              _HT32FWID   ; ---, 08, 0x020, R
                                                            eserved
   87 00000024 FFFFFFFF        DCD              _RESERVED   ; ---, 09, 0x024, R
                                                            eserved
   88 00000028 FFFFFFFF        DCD              _RESERVED   ; ---, 10, 0x028, R
                                                            eserved
   89 0000002C 00000000        DCD              SVC_Handler ; -05, 11, 0x02C, S
                                                            VC Handler
   90 00000030 FFFFFFFF        DCD              _RESERVED   ; ---, 12, 0x030, R
                                                            eserved
   91 00000034 FFFFFFFF        DCD              _RESERVED   ; ---, 13, 0x034, R
                                                            eserved
   92 00000038 00000000        DCD              PendSV_Handler ; -02, 14, 0x038
                                                            , PendSV Handler
   93 0000003C 00000000        DCD              SysTick_Handler ; -01, 15, 0x03
                                                            C, SysTick Handler
   94 00000040         
   95 00000040         ; External Interrupt Handler
   96 00000040 00000000        DCD              LVD_BOD_IRQHandler 
                                                            ;  00, 16, 0x040,
   97 00000044                 IF               (USE_HT32_CHIP=HT32F52231_41)||
(USE_HT32_CHIP=HT32F52331_41)||(USE_HT32_CHIP=HT32F52342_52)
   98 00000044 00000000        DCD              RTC_IRQHandler 
                                                            ;  01, 17, 0x044,
   99 00000048                 ELSE
  101                          ENDIF
  102 00000048 00000000        DCD              FLASH_IRQHandler 
                                                            ;  02, 18, 0x048,
  103 0000004C 00000000        DCD              EVWUP_IRQHandler 
                                                            ;  03, 19, 0x04C,
  104 00000050 00000000        DCD              EXTI0_1_IRQHandler 
                                                            ;  04, 20, 0x050,
  105 00000054 00000000        DCD              EXTI2_3_IRQHandler 
                                                            ;  05, 21, 0x054,
  106 00000058 00000000        DCD              EXTI4_15_IRQHandler 
                                                            ;  06, 22, 0x058,
  107 0000005C                 IF               (USE_HT32_CHIP=HT32F52342_52)
  110 0000005C FFFFFFFF        DCD              _RESERVED   ;  07, 23, 0x05C,
  111 00000060                 ENDIF
  112 00000060 00000000        DCD              ADC_IRQHandler 
                                                            ;  08, 24, 0x060,
  113 00000064 FFFFFFFF        DCD              _RESERVED   ;  09, 25, 0x064,
  114 00000068                 IF               (USE_HT32_CHIP=HT32F52220_30)
  117 00000068 00000000        DCD              MCTM0_IRQHandler 
                                                            ;  10, 26, 0x068,
  118 0000006C                 ENDIF
  119 0000006C                 IF               (USE_HT32_CHIP=HT32F52342_52)



ARM Macro Assembler    Page 4 


  122 0000006C FFFFFFFF        DCD              _RESERVED   ;  11, 27, 0x06C,
  123 00000070                 ENDIF
  124 00000070 00000000        DCD              GPTM0_IRQHandler 
                                                            ;  12, 28, 0x070,
  125 00000074 00000000        DCD              SCTM0_IRQHandler 
                                                            ;  13, 29, 0x074,
  126 00000078 00000000        DCD              SCTM1_IRQHandler 
                                                            ;  14, 30, 0x078,
  127 0000007C                 IF               (USE_HT32_CHIP=HT32F52231_41)||
(USE_HT32_CHIP=HT32F52331_41)
  128 0000007C 00000000        DCD              SCTM2_IRQHandler 
                                                            ;  15, 31, 0x07C,
  129 00000080 00000000        DCD              SCTM3_IRQHandler 
                                                            ;  16, 32, 0x080,
  130 00000084                 ELSE
  133                          ENDIF
  134 00000084 00000000        DCD              BFTM0_IRQHandler 
                                                            ;  17, 33, 0x084,
  135 00000088                 IF               (USE_HT32_CHIP=HT32F52220_30)
  138 00000088 00000000        DCD              BFTM1_IRQHandler 
                                                            ;  18, 34, 0x088,
  139 0000008C                 ENDIF
  140 0000008C 00000000        DCD              I2C0_IRQHandler 
                                                            ;  19, 35, 0x08C,
  141 00000090                 IF               (USE_HT32_CHIP=HT32F52220_30)
  144 00000090 00000000        DCD              I2C1_IRQHandler 
                                                            ;  20, 36, 0x090,
  145 00000094                 ENDIF
  146 00000094 00000000        DCD              SPI0_IRQHandler 
                                                            ;  21, 37, 0x094,
  147 00000098                 IF               (USE_HT32_CHIP=HT32F52220_30)
  150 00000098 00000000        DCD              SPI1_IRQHandler 
                                                            ;  22, 38, 0x098,
  151 0000009C                 ENDIF
  152 0000009C 00000000        DCD              USART0_IRQHandler 
                                                            ;  23, 39, 0x09C,
  153 000000A0                 IF               (USE_HT32_CHIP=HT32F52342_52)
  156 000000A0 FFFFFFFF        DCD              _RESERVED   ;  24, 40, 0x0A0,
  157 000000A4                 ENDIF
  158 000000A4 00000000        DCD              UART0_IRQHandler 
                                                            ;  25, 41, 0x0A4,
  159 000000A8                 IF               (USE_HT32_CHIP=HT32F52220_30)
  162 000000A8 00000000        DCD              UART1_IRQHandler 
                                                            ;  26, 42, 0x0A8,
  163 000000AC                 ENDIF
  164 000000AC                 IF               (USE_HT32_CHIP=HT32F52331_41)||
(USE_HT32_CHIP=HT32F52342_52)
  166                          ENDIF
  167 000000AC                 IF               (USE_HT32_CHIP=HT32F52342_52)
  169                          ENDIF
  170 000000AC                 IF               (USE_HT32_CHIP=HT32F52331_41)
  172                          ENDIF
  173 000000AC                 IF               (USE_HT32_CHIP=HT32F52331_41)||
(USE_HT32_CHIP=HT32F52342_52)
  175                          ENDIF
  176 000000AC                 IF               (USE_HT32_CHIP=HT32F52342_52)
  179                          ENDIF
  180 000000AC         
  181 000000AC         ; Reset handler routine



ARM Macro Assembler    Page 5 


  182 000000AC         Reset_Handler
                               PROC
  183 000000AC                 EXPORT           Reset_Handler                  
 [WEAK]
  184 000000AC                 IMPORT           SystemInit
  185 000000AC                 IMPORT           __main
  186 000000AC 4804            LDR              R0, =SystemInit
  187 000000AE 4780            BLX              R0
  188 000000B0 4804            LDR              R0, =__main
  189 000000B2 4700            BX               R0
  190 000000B4                 ENDP
  191 000000B4         
  192 000000B4         ; Dummy Exception Handlers
  193 000000B4         NMI_Handler
                               PROC
  194 000000B4                 EXPORT           NMI_Handler                    
 [WEAK]
  195 000000B4 E7FE            B                .
  196 000000B6                 ENDP
  197 000000B6         
  198 000000B6         HardFault_Handler
                               PROC
  199 000000B6                 EXPORT           HardFault_Handler              
 [WEAK]
  200 000000B6 E7FE            B                .
  201 000000B8                 ENDP
  202 000000B8         
  203 000000B8         SVC_Handler
                               PROC
  204 000000B8                 EXPORT           SVC_Handler                    
 [WEAK]
  205 000000B8 E7FE            B                .
  206 000000BA                 ENDP
  207 000000BA         
  208 000000BA         PendSV_Handler
                               PROC
  209 000000BA                 EXPORT           PendSV_Handler                 
 [WEAK]
  210 000000BA E7FE            B                .
  211 000000BC                 ENDP
  212 000000BC         
  213 000000BC         SysTick_Handler
                               PROC
  214 000000BC                 EXPORT           SysTick_Handler                
 [WEAK]
  215 000000BC E7FE            B                .
  216 000000BE                 ENDP
  217 000000BE         
  218 000000BE         Default_Handler
                               PROC
  219 000000BE                 EXPORT           LVD_BOD_IRQHandler             
 [WEAK]
  220 000000BE                 EXPORT           RTC_IRQHandler                 
 [WEAK]
  221 000000BE                 EXPORT           FLASH_IRQHandler               
 [WEAK]
  222 000000BE                 EXPORT           EVWUP_IRQHandler               
 [WEAK]
  223 000000BE                 EXPORT           EXTI0_1_IRQHandler             



ARM Macro Assembler    Page 6 


 [WEAK]
  224 000000BE                 EXPORT           EXTI2_3_IRQHandler             
 [WEAK]
  225 000000BE                 EXPORT           EXTI4_15_IRQHandler            
 [WEAK]
  226 000000BE                 EXPORT           COMP_IRQHandler                
 [WEAK]
  227 000000BE                 EXPORT           ADC_IRQHandler                 
 [WEAK]
  228 000000BE                 EXPORT           MCTM0_IRQHandler               
 [WEAK]
  229 000000BE                 EXPORT           GPTM1_IRQHandler               
 [WEAK]
  230 000000BE                 EXPORT           GPTM0_IRQHandler               
 [WEAK]
  231 000000BE                 EXPORT           SCTM0_IRQHandler               
 [WEAK]
  232 000000BE                 EXPORT           SCTM1_IRQHandler               
 [WEAK]
  233 000000BE                 EXPORT           SCTM2_IRQHandler               
 [WEAK]
  234 000000BE                 EXPORT           SCTM3_IRQHandler               
 [WEAK]
  235 000000BE                 EXPORT           BFTM0_IRQHandler               
 [WEAK]
  236 000000BE                 EXPORT           BFTM1_IRQHandler               
 [WEAK]
  237 000000BE                 EXPORT           I2C0_IRQHandler                
 [WEAK]
  238 000000BE                 EXPORT           I2C1_IRQHandler                
 [WEAK]
  239 000000BE                 EXPORT           SPI0_IRQHandler                
 [WEAK]
  240 000000BE                 EXPORT           SPI1_IRQHandler                
 [WEAK]
  241 000000BE                 EXPORT           USART0_IRQHandler              
 [WEAK]
  242 000000BE                 EXPORT           USART1_IRQHandler              
 [WEAK]
  243 000000BE                 EXPORT           UART0_IRQHandler               
 [WEAK]
  244 000000BE                 EXPORT           UART1_IRQHandler               
 [WEAK]
  245 000000BE                 EXPORT           SCI_IRQHandler                 
 [WEAK]
  246 000000BE                 EXPORT           I2S_IRQHandler                 
 [WEAK]
  247 000000BE                 EXPORT           USB_IRQHandler                 
 [WEAK]
  248 000000BE                 EXPORT           PDMA_CH0_1_IRQHandler          
 [WEAK]
  249 000000BE                 EXPORT           PDMA_CH2_5_IRQHandler          
 [WEAK]
  250 000000BE         
  251 000000BE         LVD_BOD_IRQHandler
  252 000000BE         RTC_IRQHandler
  253 000000BE         FLASH_IRQHandler
  254 000000BE         EVWUP_IRQHandler
  255 000000BE         EXTI0_1_IRQHandler



ARM Macro Assembler    Page 7 


  256 000000BE         EXTI2_3_IRQHandler
  257 000000BE         EXTI4_15_IRQHandler
  258 000000BE         COMP_IRQHandler
  259 000000BE         ADC_IRQHandler
  260 000000BE         MCTM0_IRQHandler
  261 000000BE         GPTM1_IRQHandler
  262 000000BE         GPTM0_IRQHandler
  263 000000BE         SCTM0_IRQHandler
  264 000000BE         SCTM1_IRQHandler
  265 000000BE         SCTM2_IRQHandler
  266 000000BE         SCTM3_IRQHandler
  267 000000BE         BFTM0_IRQHandler
  268 000000BE         BFTM1_IRQHandler
  269 000000BE         I2C0_IRQHandler
  270 000000BE         I2C1_IRQHandler
  271 000000BE         SPI0_IRQHandler
  272 000000BE         SPI1_IRQHandler
  273 000000BE         USART0_IRQHandler
  274 000000BE         USART1_IRQHandler
  275 000000BE         UART0_IRQHandler
  276 000000BE         UART1_IRQHandler
  277 000000BE         SCI_IRQHandler
  278 000000BE         I2S_IRQHandler
  279 000000BE         USB_IRQHandler
  280 000000BE         PDMA_CH0_1_IRQHandler
  281 000000BE         PDMA_CH2_5_IRQHandler
  282 000000BE E7FE            B                .
  283 000000C0                 ENDP
  284 000000C0         
  285 000000C0                 ALIGN
  286 000000C0         
  287 000000C0         ;*******************************************************
                       ************************
  288 000000C0         ; User Stack and Heap initialization
  289 000000C0         ;*******************************************************
                       ************************
  290 000000C0                 IF               :DEF:__MICROLIB
  291 000000C0         
  292 000000C0                 EXPORT           __initial_sp
  293 000000C0                 EXPORT           __heap_base
  294 000000C0                 EXPORT           __heap_limit
  295 000000C0         
  296 000000C0                 ELSE
  310                          ENDIF
  311 000000C0         
  312 000000C0                 END
              00000000 
              00000000 
Command Line: --debug --xref --diag_suppress=9931 --cpu=Cortex-M0+ --apcs=inter
work --depend=.\ht32\52241\obj\startup_ht32f520xx_01.d -o.\ht32\52241\obj\start
up_ht32f520xx_01.o -I.\RTE\_HT32 -IC:\Keil_v5\ARM\PACK\ARM\CMSIS\5.4.0\CMSIS\Co
re\Include -IC:\Keil_v5\ARM\PACK\Holtek\HT32_DFP\1.0.16\ARM\INC\Holtek\HT32F5xx
xx -IC:\Keil_v5\ARM\PACK\Holtek\HT32_DFP\1.0.16\ARM\INC\Holtek\HT32F520xx --pre
define="__EVAL SETA 1" --predefine="__MICROLIB SETA 1" --predefine="__UVISION_V
ERSION SETA 526" --predefine="_RTE_ SETA 1" --predefine="USE_HT32F52231_41 SETA
 1" --predefine="USE_HT32_CHIP SETA 2" --list=.\ht32\52241\list\startup_ht32f52
0xx_01.lst startup_ht32f520xx_01.s



ARM Macro Assembler    Page 1 Alphabetic symbol ordering
Relocatable symbols

STACK 00000000

Symbol: STACK
   Definitions
      At line 56 in file startup_ht32f520xx_01.s
   Uses
      None
Comment: STACK unused
Stack_Mem 00000000

Symbol: Stack_Mem
   Definitions
      At line 57 in file startup_ht32f520xx_01.s
   Uses
      None
Comment: Stack_Mem unused
__initial_sp 00000200

Symbol: __initial_sp
   Definitions
      At line 58 in file startup_ht32f520xx_01.s
   Uses
      At line 78 in file startup_ht32f520xx_01.s
      At line 292 in file startup_ht32f520xx_01.s

3 symbols



ARM Macro Assembler    Page 1 Alphabetic symbol ordering
Relocatable symbols

HEAP 00000000

Symbol: HEAP
   Definitions
      At line 63 in file startup_ht32f520xx_01.s
   Uses
      None
Comment: HEAP unused
Heap_Mem 00000000

Symbol: Heap_Mem
   Definitions
      At line 65 in file startup_ht32f520xx_01.s
   Uses
      None
Comment: Heap_Mem unused
__heap_base 00000000

Symbol: __heap_base
   Definitions
      At line 64 in file startup_ht32f520xx_01.s
   Uses
      At line 293 in file startup_ht32f520xx_01.s
Comment: __heap_base used once
__heap_limit 00000000

Symbol: __heap_limit
   Definitions
      At line 66 in file startup_ht32f520xx_01.s
   Uses
      At line 294 in file startup_ht32f520xx_01.s
Comment: __heap_limit used once
4 symbols



ARM Macro Assembler    Page 1 Alphabetic symbol ordering
Relocatable symbols

ADC_IRQHandler 000000BE

Symbol: ADC_IRQHandler
   Definitions
      At line 259 in file startup_ht32f520xx_01.s
   Uses
      At line 112 in file startup_ht32f520xx_01.s
      At line 227 in file startup_ht32f520xx_01.s

BFTM0_IRQHandler 000000BE

Symbol: BFTM0_IRQHandler
   Definitions
      At line 267 in file startup_ht32f520xx_01.s
   Uses
      At line 134 in file startup_ht32f520xx_01.s
      At line 235 in file startup_ht32f520xx_01.s

BFTM1_IRQHandler 000000BE

Symbol: BFTM1_IRQHandler
   Definitions
      At line 268 in file startup_ht32f520xx_01.s
   Uses
      At line 138 in file startup_ht32f520xx_01.s
      At line 236 in file startup_ht32f520xx_01.s

COMP_IRQHandler 000000BE

Symbol: COMP_IRQHandler
   Definitions
      At line 258 in file startup_ht32f520xx_01.s
   Uses
      At line 226 in file startup_ht32f520xx_01.s
Comment: COMP_IRQHandler used once
Default_Handler 000000BE

Symbol: Default_Handler
   Definitions
      At line 218 in file startup_ht32f520xx_01.s
   Uses
      None
Comment: Default_Handler unused
EVWUP_IRQHandler 000000BE

Symbol: EVWUP_IRQHandler
   Definitions
      At line 254 in file startup_ht32f520xx_01.s
   Uses
      At line 103 in file startup_ht32f520xx_01.s
      At line 222 in file startup_ht32f520xx_01.s

EXTI0_1_IRQHandler 000000BE

Symbol: EXTI0_1_IRQHandler
   Definitions
      At line 255 in file startup_ht32f520xx_01.s
   Uses
      At line 104 in file startup_ht32f520xx_01.s



ARM Macro Assembler    Page 2 Alphabetic symbol ordering
Relocatable symbols

      At line 223 in file startup_ht32f520xx_01.s

EXTI2_3_IRQHandler 000000BE

Symbol: EXTI2_3_IRQHandler
   Definitions
      At line 256 in file startup_ht32f520xx_01.s
   Uses
      At line 105 in file startup_ht32f520xx_01.s
      At line 224 in file startup_ht32f520xx_01.s

EXTI4_15_IRQHandler 000000BE

Symbol: EXTI4_15_IRQHandler
   Definitions
      At line 257 in file startup_ht32f520xx_01.s
   Uses
      At line 106 in file startup_ht32f520xx_01.s
      At line 225 in file startup_ht32f520xx_01.s

FLASH_IRQHandler 000000BE

Symbol: FLASH_IRQHandler
   Definitions
      At line 253 in file startup_ht32f520xx_01.s
   Uses
      At line 102 in file startup_ht32f520xx_01.s
      At line 221 in file startup_ht32f520xx_01.s

GPTM0_IRQHandler 000000BE

Symbol: GPTM0_IRQHandler
   Definitions
      At line 262 in file startup_ht32f520xx_01.s
   Uses
      At line 124 in file startup_ht32f520xx_01.s
      At line 230 in file startup_ht32f520xx_01.s

GPTM1_IRQHandler 000000BE

Symbol: GPTM1_IRQHandler
   Definitions
      At line 261 in file startup_ht32f520xx_01.s
   Uses
      At line 229 in file startup_ht32f520xx_01.s
Comment: GPTM1_IRQHandler used once
HardFault_Handler 000000B6

Symbol: HardFault_Handler
   Definitions
      At line 198 in file startup_ht32f520xx_01.s
   Uses
      At line 81 in file startup_ht32f520xx_01.s
      At line 199 in file startup_ht32f520xx_01.s

I2C0_IRQHandler 000000BE

Symbol: I2C0_IRQHandler
   Definitions



ARM Macro Assembler    Page 3 Alphabetic symbol ordering
Relocatable symbols

      At line 269 in file startup_ht32f520xx_01.s
   Uses
      At line 140 in file startup_ht32f520xx_01.s
      At line 237 in file startup_ht32f520xx_01.s

I2C1_IRQHandler 000000BE

Symbol: I2C1_IRQHandler
   Definitions
      At line 270 in file startup_ht32f520xx_01.s
   Uses
      At line 144 in file startup_ht32f520xx_01.s
      At line 238 in file startup_ht32f520xx_01.s

I2S_IRQHandler 000000BE

Symbol: I2S_IRQHandler
   Definitions
      At line 278 in file startup_ht32f520xx_01.s
   Uses
      At line 246 in file startup_ht32f520xx_01.s
Comment: I2S_IRQHandler used once
LVD_BOD_IRQHandler 000000BE

Symbol: LVD_BOD_IRQHandler
   Definitions
      At line 251 in file startup_ht32f520xx_01.s
   Uses
      At line 96 in file startup_ht32f520xx_01.s
      At line 219 in file startup_ht32f520xx_01.s

MCTM0_IRQHandler 000000BE

Symbol: MCTM0_IRQHandler
   Definitions
      At line 260 in file startup_ht32f520xx_01.s
   Uses
      At line 117 in file startup_ht32f520xx_01.s
      At line 228 in file startup_ht32f520xx_01.s

NMI_Handler 000000B4

Symbol: NMI_Handler
   Definitions
      At line 193 in file startup_ht32f520xx_01.s
   Uses
      At line 80 in file startup_ht32f520xx_01.s
      At line 194 in file startup_ht32f520xx_01.s

PDMA_CH0_1_IRQHandler 000000BE

Symbol: PDMA_CH0_1_IRQHandler
   Definitions
      At line 280 in file startup_ht32f520xx_01.s
   Uses
      At line 248 in file startup_ht32f520xx_01.s
Comment: PDMA_CH0_1_IRQHandler used once
PDMA_CH2_5_IRQHandler 000000BE




ARM Macro Assembler    Page 4 Alphabetic symbol ordering
Relocatable symbols

Symbol: PDMA_CH2_5_IRQHandler
   Definitions
      At line 281 in file startup_ht32f520xx_01.s
   Uses
      At line 249 in file startup_ht32f520xx_01.s
Comment: PDMA_CH2_5_IRQHandler used once
PendSV_Handler 000000BA

Symbol: PendSV_Handler
   Definitions
      At line 208 in file startup_ht32f520xx_01.s
   Uses
      At line 92 in file startup_ht32f520xx_01.s
      At line 209 in file startup_ht32f520xx_01.s

RESET 00000000

Symbol: RESET
   Definitions
      At line 74 in file startup_ht32f520xx_01.s
   Uses
      None
Comment: RESET unused
RTC_IRQHandler 000000BE

Symbol: RTC_IRQHandler
   Definitions
      At line 252 in file startup_ht32f520xx_01.s
   Uses
      At line 98 in file startup_ht32f520xx_01.s
      At line 220 in file startup_ht32f520xx_01.s

Reset_Handler 000000AC

Symbol: Reset_Handler
   Definitions
      At line 182 in file startup_ht32f520xx_01.s
   Uses
      At line 79 in file startup_ht32f520xx_01.s
      At line 183 in file startup_ht32f520xx_01.s

SCI_IRQHandler 000000BE

Symbol: SCI_IRQHandler
   Definitions
      At line 277 in file startup_ht32f520xx_01.s
   Uses
      At line 245 in file startup_ht32f520xx_01.s
Comment: SCI_IRQHandler used once
SCTM0_IRQHandler 000000BE

Symbol: SCTM0_IRQHandler
   Definitions
      At line 263 in file startup_ht32f520xx_01.s
   Uses
      At line 125 in file startup_ht32f520xx_01.s
      At line 231 in file startup_ht32f520xx_01.s

SCTM1_IRQHandler 000000BE



ARM Macro Assembler    Page 5 Alphabetic symbol ordering
Relocatable symbols


Symbol: SCTM1_IRQHandler
   Definitions
      At line 264 in file startup_ht32f520xx_01.s
   Uses
      At line 126 in file startup_ht32f520xx_01.s
      At line 232 in file startup_ht32f520xx_01.s

SCTM2_IRQHandler 000000BE

Symbol: SCTM2_IRQHandler
   Definitions
      At line 265 in file startup_ht32f520xx_01.s
   Uses
      At line 128 in file startup_ht32f520xx_01.s
      At line 233 in file startup_ht32f520xx_01.s

SCTM3_IRQHandler 000000BE

Symbol: SCTM3_IRQHandler
   Definitions
      At line 266 in file startup_ht32f520xx_01.s
   Uses
      At line 129 in file startup_ht32f520xx_01.s
      At line 234 in file startup_ht32f520xx_01.s

SPI0_IRQHandler 000000BE

Symbol: SPI0_IRQHandler
   Definitions
      At line 271 in file startup_ht32f520xx_01.s
   Uses
      At line 146 in file startup_ht32f520xx_01.s
      At line 239 in file startup_ht32f520xx_01.s

SPI1_IRQHandler 000000BE

Symbol: SPI1_IRQHandler
   Definitions
      At line 272 in file startup_ht32f520xx_01.s
   Uses
      At line 150 in file startup_ht32f520xx_01.s
      At line 240 in file startup_ht32f520xx_01.s

SVC_Handler 000000B8

Symbol: SVC_Handler
   Definitions
      At line 203 in file startup_ht32f520xx_01.s
   Uses
      At line 89 in file startup_ht32f520xx_01.s
      At line 204 in file startup_ht32f520xx_01.s

SysTick_Handler 000000BC

Symbol: SysTick_Handler
   Definitions
      At line 213 in file startup_ht32f520xx_01.s
   Uses



ARM Macro Assembler    Page 6 Alphabetic symbol ordering
Relocatable symbols

      At line 93 in file startup_ht32f520xx_01.s
      At line 214 in file startup_ht32f520xx_01.s

UART0_IRQHandler 000000BE

Symbol: UART0_IRQHandler
   Definitions
      At line 275 in file startup_ht32f520xx_01.s
   Uses
      At line 158 in file startup_ht32f520xx_01.s
      At line 243 in file startup_ht32f520xx_01.s

UART1_IRQHandler 000000BE

Symbol: UART1_IRQHandler
   Definitions
      At line 276 in file startup_ht32f520xx_01.s
   Uses
      At line 162 in file startup_ht32f520xx_01.s
      At line 244 in file startup_ht32f520xx_01.s

USART0_IRQHandler 000000BE

Symbol: USART0_IRQHandler
   Definitions
      At line 273 in file startup_ht32f520xx_01.s
   Uses
      At line 152 in file startup_ht32f520xx_01.s
      At line 241 in file startup_ht32f520xx_01.s

USART1_IRQHandler 000000BE

Symbol: USART1_IRQHandler
   Definitions
      At line 274 in file startup_ht32f520xx_01.s
   Uses
      At line 242 in file startup_ht32f520xx_01.s
Comment: USART1_IRQHandler used once
USB_IRQHandler 000000BE

Symbol: USB_IRQHandler
   Definitions
      At line 279 in file startup_ht32f520xx_01.s
   Uses
      At line 247 in file startup_ht32f520xx_01.s
Comment: USB_IRQHandler used once
__Vectors 00000000

Symbol: __Vectors
   Definitions
      At line 77 in file startup_ht32f520xx_01.s
   Uses
      At line 75 in file startup_ht32f520xx_01.s
Comment: __Vectors used once
40 symbols



ARM Macro Assembler    Page 1 Alphabetic symbol ordering
Absolute symbols

HT32F52220_30 00000001

Symbol: HT32F52220_30
   Definitions
      At line 41 in file startup_ht32f520xx_01.s
   Uses
      At line 114 in file startup_ht32f520xx_01.s
      At line 135 in file startup_ht32f520xx_01.s
      At line 141 in file startup_ht32f520xx_01.s
      At line 147 in file startup_ht32f520xx_01.s
      At line 159 in file startup_ht32f520xx_01.s

HT32F52231_41 00000002

Symbol: HT32F52231_41
   Definitions
      At line 42 in file startup_ht32f520xx_01.s
   Uses
      At line 97 in file startup_ht32f520xx_01.s
      At line 127 in file startup_ht32f520xx_01.s

HT32F52331_41 00000003

Symbol: HT32F52331_41
   Definitions
      At line 43 in file startup_ht32f520xx_01.s
   Uses
      At line 97 in file startup_ht32f520xx_01.s
      At line 127 in file startup_ht32f520xx_01.s
      At line 164 in file startup_ht32f520xx_01.s
      At line 170 in file startup_ht32f520xx_01.s
      At line 173 in file startup_ht32f520xx_01.s

HT32F52342_52 00000004

Symbol: HT32F52342_52
   Definitions
      At line 44 in file startup_ht32f520xx_01.s
   Uses
      At line 97 in file startup_ht32f520xx_01.s
      At line 107 in file startup_ht32f520xx_01.s
      At line 119 in file startup_ht32f520xx_01.s
      At line 153 in file startup_ht32f520xx_01.s
      At line 164 in file startup_ht32f520xx_01.s
      At line 167 in file startup_ht32f520xx_01.s
      At line 173 in file startup_ht32f520xx_01.s
      At line 176 in file startup_ht32f520xx_01.s

Heap_Size 00000000

Symbol: Heap_Size
   Definitions
      At line 61 in file startup_ht32f520xx_01.s
   Uses
      At line 65 in file startup_ht32f520xx_01.s
Comment: Heap_Size used once
Stack_Size 00000200

Symbol: Stack_Size



ARM Macro Assembler    Page 2 Alphabetic symbol ordering
Absolute symbols

   Definitions
      At line 54 in file startup_ht32f520xx_01.s
   Uses
      At line 57 in file startup_ht32f520xx_01.s
Comment: Stack_Size used once
USE_HT32_CHIP_SET 00000000

Symbol: USE_HT32_CHIP_SET
   Definitions
      At line 29 in file startup_ht32f520xx_01.s
   Uses
      At line 46 in file startup_ht32f520xx_01.s
Comment: USE_HT32_CHIP_SET used once
_HT32FWID FFFFFFFF

Symbol: _HT32FWID
   Definitions
      At line 31 in file startup_ht32f520xx_01.s
   Uses
      At line 86 in file startup_ht32f520xx_01.s
Comment: _HT32FWID used once
_RESERVED FFFFFFFF

Symbol: _RESERVED
   Definitions
      At line 76 in file startup_ht32f520xx_01.s
   Uses
      At line 82 in file startup_ht32f520xx_01.s
      At line 83 in file startup_ht32f520xx_01.s
      At line 84 in file startup_ht32f520xx_01.s
      At line 85 in file startup_ht32f520xx_01.s
      At line 87 in file startup_ht32f520xx_01.s
      At line 88 in file startup_ht32f520xx_01.s
      At line 90 in file startup_ht32f520xx_01.s
      At line 91 in file startup_ht32f520xx_01.s
      At line 110 in file startup_ht32f520xx_01.s
      At line 113 in file startup_ht32f520xx_01.s
      At line 122 in file startup_ht32f520xx_01.s
      At line 156 in file startup_ht32f520xx_01.s

9 symbols



ARM Macro Assembler    Page 1 Alphabetic symbol ordering
External symbols

SystemInit 00000000

Symbol: SystemInit
   Definitions
      At line 184 in file startup_ht32f520xx_01.s
   Uses
      At line 186 in file startup_ht32f520xx_01.s
Comment: SystemInit used once
__main 00000000

Symbol: __main
   Definitions
      At line 185 in file startup_ht32f520xx_01.s
   Uses
      At line 188 in file startup_ht32f520xx_01.s
Comment: __main used once
2 symbols
396 symbols in table
